2022-05-26 09:13:53,699:INFO:PyCaret Supervised Module
2022-05-26 09:13:53,700:INFO:ML Usecase: regression
2022-05-26 09:13:53,700:INFO:version 2.3.10
2022-05-26 09:13:53,700:INFO:Initializing setup()
2022-05-26 09:13:53,700:INFO:setup(target=charges, ml_usecase=regression, available_plots={'parameter': 'Hyperparameters', 'residuals': 'Residuals', 'error': 'Prediction Error', 'cooks': 'Cooks Distance', 'rfe': 'Feature Selection', 'learning': 'Learning Curve', 'manifold': 'Manifold Learning', 'vc': 'Validation Curve', 'feature': 'Feature Importance', 'feature_all': 'Feature Importance (All)', 'tree': 'Decision Tree', 'residuals_interactive': 'Interactive Residuals'}, train_size=0.7, test_data=None, preprocess=True, imputation_type=simple, iterative_imputation_iters=5, categorical_features=None, categorical_imputation=constant, categorical_iterative_imputer=lightgbm, ordinal_features=None, high_cardinality_features=None, high_cardinality_method=frequency, numeric_features=None, numeric_imputation=mean, numeric_iterative_imputer=lightgbm, date_features=None, ignore_features=None, normalize=True, normalize_method=zscore, transformation=False, transformation_method=yeo-johnson, handle_unknown_categorical=True, unknown_categorical_method=least_frequent, pca=False, pca_method=linear, pca_components=None, ignore_low_variance=False, combine_rare_levels=False, rare_level_threshold=0.1, bin_numeric_features=['age', 'bmi'], remove_outliers=False, outliers_threshold=0.05, remove_multicollinearity=False, multicollinearity_threshold=0.9, remove_perfect_collinearity=True, create_clusters=False, cluster_iter=20, polynomial_features=True, polynomial_degree=2, trigonometry_features=True, polynomial_threshold=0.1, group_features=None, group_names=None, feature_selection=False, feature_selection_threshold=0.8, feature_selection_method=classic, feature_interaction=True, feature_ratio=False, interaction_threshold=0.01, fix_imbalance=False, fix_imbalance_method=None, transform_target=False, transform_target_method=box-cox, data_split_shuffle=True, data_split_stratify=False, fold_strategy=kfold, fold=10, fold_shuffle=False, fold_groups=None, n_jobs=-1, use_gpu=False, custom_pipeline=None, html=True, session_id=123, log_experiment=False, experiment_name=None, experiment_custom_tags=None, log_plots=False, log_profile=False, log_data=False, silent=False, verbose=True, profile=False, profile_kwargs=None, display=None)
2022-05-26 09:13:53,700:INFO:Checking environment
2022-05-26 09:13:53,700:INFO:python_version: 3.8.5
2022-05-26 09:13:53,700:INFO:python_build: ('default', 'Sep  4 2020 07:30:14')
2022-05-26 09:13:53,700:INFO:machine: x86_64
2022-05-26 09:13:53,749:INFO:platform: Linux-5.13.0-44-generic-x86_64-with-glibc2.10
2022-05-26 09:13:53,749:WARNING:cannot find psutil installation. memory not traceable. Install psutil using pip to enable memory logging.
2022-05-26 09:13:53,749:INFO:Checking libraries
2022-05-26 09:13:53,749:INFO:pd==1.4.1
2022-05-26 09:13:53,749:INFO:numpy==1.20.3
2022-05-26 09:13:53,750:INFO:sklearn==0.23.2
2022-05-26 09:13:53,750:INFO:lightgbm==3.3.2
2022-05-26 09:13:53,750:WARNING:catboost not found
2022-05-26 09:13:53,750:WARNING:xgboost not found
2022-05-26 09:13:53,750:INFO:mlflow==1.26.0
2022-05-26 09:13:53,750:INFO:Checking Exceptions
2022-05-26 09:13:53,751:INFO:Declaring global variables
2022-05-26 09:13:53,751:INFO:USI: a03b
2022-05-26 09:13:53,751:INFO:pycaret_globals: {'_available_plots', 'fold_generator', 'imputation_regressor', 'gpu_param', '_all_metrics', 'target_param', 'fold_shuffle_param', 'X_test', 'X_train', 'stratify_param', 'transform_target_param', 'iterative_imputation_iters_param', 'USI', '_all_models_internal', 'seed', 'n_jobs_param', 'imputation_classifier', 'data_before_preprocess', 'master_model_container', 'create_model_container', 'y_test', 'exp_name_log', 'y', 'prep_pipe', 'fix_imbalance_method_param', 'fold_groups_param', 'X', 'fix_imbalance_param', 'fold_param', '_ml_usecase', 'display_container', 'dashboard_logger', '_gpu_n_jobs_param', '_internal_pipeline', 'log_plots_param', '_all_models', 'y_train', 'logging_param', 'html_param', 'fold_groups_param_full', 'transform_target_method_param', 'pycaret_globals', 'experiment__'}
2022-05-26 09:13:53,751:INFO:Preparing display monitor
2022-05-26 09:13:53,751:INFO:Preparing display monitor
2022-05-26 09:13:53,760:INFO:Importing libraries
2022-05-26 09:13:53,760:INFO:Copying data for preprocessing
2022-05-26 09:13:53,763:INFO:Declaring preprocessing parameters
2022-05-26 09:13:53,766:INFO:Creating preprocessing pipeline
2022-05-26 09:13:53,771:INFO:Preprocessing pipeline created successfully
2022-05-26 09:13:53,771:ERROR:(Process Exit): setup has been interupted with user command 'quit'. setup must rerun.
2022-05-26 09:13:53,771:INFO:Creating global containers
2022-05-26 09:13:53,772:INFO:Internal pipeline: Pipeline(memory=None, steps=[('empty_step', 'passthrough')], verbose=False)
2022-05-26 10:21:26,019:INFO:Initializing load_model()
2022-05-26 10:21:26,019:INFO:load_model(model_name=deployment_28042020, platform=None, authentication=None, verbose=True)
2022-05-26 10:22:57,093:INFO:Initializing load_model()
2022-05-26 10:22:57,094:INFO:load_model(model_name=/home/hadoop123/ci-cd_start/deployment-azure/deployment_28042022.pkl, platform=None, authentication=None, verbose=True)
2022-05-26 10:23:22,049:INFO:Initializing load_model()
2022-05-26 10:23:22,049:INFO:load_model(model_name=/home/hadoop123/ci-cd_start/deployment-azure/deployment_28042022, platform=None, authentication=None, verbose=True)
2022-05-26 10:24:14,725:INFO:Initializing load_model()
2022-05-26 10:24:14,725:INFO:load_model(model_name=/home/hadoop123/ci-cd_start/deployment-azure/deployment_28042020.pkl, platform=None, authentication=None, verbose=True)
2022-05-26 10:25:09,610:INFO:Initializing load_model()
2022-05-26 10:25:09,610:INFO:load_model(model_name=/home/hadoop123/ci-cd_start/deployment-azure/deployment_28042020.pkl, platform=None, authentication=None, verbose=True)
2022-05-26 10:26:09,295:INFO:PyCaret Supervised Module
2022-05-26 10:26:09,295:INFO:ML Usecase: regression
2022-05-26 10:26:09,295:INFO:version 2.3.10
2022-05-26 10:26:09,295:INFO:Initializing setup()
2022-05-26 10:26:09,295:INFO:setup(target=charges, ml_usecase=regression, available_plots={'parameter': 'Hyperparameters', 'residuals': 'Residuals', 'error': 'Prediction Error', 'cooks': 'Cooks Distance', 'rfe': 'Feature Selection', 'learning': 'Learning Curve', 'manifold': 'Manifold Learning', 'vc': 'Validation Curve', 'feature': 'Feature Importance', 'feature_all': 'Feature Importance (All)', 'tree': 'Decision Tree', 'residuals_interactive': 'Interactive Residuals'}, train_size=0.7, test_data=None, preprocess=True, imputation_type=simple, iterative_imputation_iters=5, categorical_features=None, categorical_imputation=constant, categorical_iterative_imputer=lightgbm, ordinal_features=None, high_cardinality_features=None, high_cardinality_method=frequency, numeric_features=None, numeric_imputation=mean, numeric_iterative_imputer=lightgbm, date_features=None, ignore_features=None, normalize=True, normalize_method=zscore, transformation=False, transformation_method=yeo-johnson, handle_unknown_categorical=True, unknown_categorical_method=least_frequent, pca=False, pca_method=linear, pca_components=None, ignore_low_variance=False, combine_rare_levels=False, rare_level_threshold=0.1, bin_numeric_features=['age', 'bmi'], remove_outliers=False, outliers_threshold=0.05, remove_multicollinearity=False, multicollinearity_threshold=0.9, remove_perfect_collinearity=True, create_clusters=False, cluster_iter=20, polynomial_features=True, polynomial_degree=2, trigonometry_features=True, polynomial_threshold=0.1, group_features=None, group_names=None, feature_selection=False, feature_selection_threshold=0.8, feature_selection_method=classic, feature_interaction=True, feature_ratio=False, interaction_threshold=0.01, fix_imbalance=False, fix_imbalance_method=None, transform_target=False, transform_target_method=box-cox, data_split_shuffle=True, data_split_stratify=False, fold_strategy=kfold, fold=10, fold_shuffle=False, fold_groups=None, n_jobs=-1, use_gpu=False, custom_pipeline=None, html=True, session_id=123, log_experiment=False, experiment_name=None, experiment_custom_tags=None, log_plots=False, log_profile=False, log_data=False, silent=False, verbose=True, profile=False, profile_kwargs=None, display=None)
2022-05-26 10:26:09,295:INFO:Checking environment
2022-05-26 10:26:09,295:INFO:python_version: 3.8.5
2022-05-26 10:26:09,295:INFO:python_build: ('default', 'Sep  4 2020 07:30:14')
2022-05-26 10:26:09,296:INFO:machine: x86_64
2022-05-26 10:26:09,325:INFO:platform: Linux-5.13.0-44-generic-x86_64-with-glibc2.10
2022-05-26 10:26:09,326:WARNING:cannot find psutil installation. memory not traceable. Install psutil using pip to enable memory logging.
2022-05-26 10:26:09,326:INFO:Checking libraries
2022-05-26 10:26:09,326:INFO:pd==1.4.1
2022-05-26 10:26:09,326:INFO:numpy==1.20.3
2022-05-26 10:26:09,326:INFO:sklearn==0.23.2
2022-05-26 10:26:09,326:INFO:lightgbm==3.3.2
2022-05-26 10:26:09,327:WARNING:catboost not found
2022-05-26 10:26:09,327:WARNING:xgboost not found
2022-05-26 10:26:09,327:INFO:mlflow==1.26.0
2022-05-26 10:26:09,327:INFO:Checking Exceptions
2022-05-26 10:26:09,327:INFO:Declaring global variables
2022-05-26 10:26:09,327:INFO:USI: dacc
2022-05-26 10:26:09,327:INFO:pycaret_globals: {'USI', 'logging_param', 'display_container', 'fix_imbalance_param', 'fold_groups_param_full', 'experiment__', 'transform_target_method_param', 'iterative_imputation_iters_param', 'transform_target_param', 'create_model_container', 'X_test', 'exp_name_log', 'target_param', '_all_models_internal', '_all_models', 'pycaret_globals', 'y_train', 'fold_param', 'fold_groups_param', 'dashboard_logger', 'gpu_param', 'y_test', 'html_param', 'imputation_regressor', 'fix_imbalance_method_param', '_all_metrics', '_internal_pipeline', '_gpu_n_jobs_param', 'y', 'log_plots_param', 'stratify_param', '_available_plots', 'X', 'n_jobs_param', '_ml_usecase', 'fold_shuffle_param', 'prep_pipe', 'data_before_preprocess', 'seed', 'master_model_container', 'imputation_classifier', 'fold_generator', 'X_train'}
2022-05-26 10:26:09,327:INFO:Preparing display monitor
2022-05-26 10:26:09,328:INFO:Preparing display monitor
2022-05-26 10:26:09,336:INFO:Importing libraries
2022-05-26 10:26:09,336:INFO:Copying data for preprocessing
2022-05-26 10:26:09,339:INFO:Declaring preprocessing parameters
2022-05-26 10:26:09,340:INFO:Creating preprocessing pipeline
2022-05-26 10:26:09,345:INFO:Preprocessing pipeline created successfully
2022-05-26 10:26:09,345:ERROR:(Process Exit): setup has been interupted with user command 'quit'. setup must rerun.
2022-05-26 10:26:09,345:INFO:Creating global containers
2022-05-26 10:26:09,346:INFO:Internal pipeline: Pipeline(memory=None, steps=[('empty_step', 'passthrough')], verbose=False)
2022-05-26 10:36:48,678:INFO:PyCaret Supervised Module
2022-05-26 10:36:48,678:INFO:ML Usecase: regression
2022-05-26 10:36:48,678:INFO:version 2.3.10
2022-05-26 10:36:48,678:INFO:Initializing setup()
2022-05-26 10:36:48,678:INFO:setup(target=charges, ml_usecase=regression, available_plots={'parameter': 'Hyperparameters', 'residuals': 'Residuals', 'error': 'Prediction Error', 'cooks': 'Cooks Distance', 'rfe': 'Feature Selection', 'learning': 'Learning Curve', 'manifold': 'Manifold Learning', 'vc': 'Validation Curve', 'feature': 'Feature Importance', 'feature_all': 'Feature Importance (All)', 'tree': 'Decision Tree', 'residuals_interactive': 'Interactive Residuals'}, train_size=0.7, test_data=None, preprocess=True, imputation_type=simple, iterative_imputation_iters=5, categorical_features=None, categorical_imputation=constant, categorical_iterative_imputer=lightgbm, ordinal_features=None, high_cardinality_features=None, high_cardinality_method=frequency, numeric_features=None, numeric_imputation=mean, numeric_iterative_imputer=lightgbm, date_features=None, ignore_features=None, normalize=True, normalize_method=zscore, transformation=False, transformation_method=yeo-johnson, handle_unknown_categorical=True, unknown_categorical_method=least_frequent, pca=False, pca_method=linear, pca_components=None, ignore_low_variance=False, combine_rare_levels=False, rare_level_threshold=0.1, bin_numeric_features=['age', 'bmi'], remove_outliers=False, outliers_threshold=0.05, remove_multicollinearity=False, multicollinearity_threshold=0.9, remove_perfect_collinearity=True, create_clusters=False, cluster_iter=20, polynomial_features=True, polynomial_degree=2, trigonometry_features=True, polynomial_threshold=0.1, group_features=None, group_names=None, feature_selection=False, feature_selection_threshold=0.8, feature_selection_method=classic, feature_interaction=True, feature_ratio=False, interaction_threshold=0.01, fix_imbalance=False, fix_imbalance_method=None, transform_target=False, transform_target_method=box-cox, data_split_shuffle=True, data_split_stratify=False, fold_strategy=kfold, fold=10, fold_shuffle=False, fold_groups=None, n_jobs=-1, use_gpu=False, custom_pipeline=None, html=True, session_id=123, log_experiment=False, experiment_name=None, experiment_custom_tags=None, log_plots=False, log_profile=False, log_data=False, silent=False, verbose=True, profile=False, profile_kwargs=None, display=None)
2022-05-26 10:36:48,678:INFO:Checking environment
2022-05-26 10:36:48,678:INFO:python_version: 3.8.5
2022-05-26 10:36:48,679:INFO:python_build: ('default', 'Sep  4 2020 07:30:14')
2022-05-26 10:36:48,679:INFO:machine: x86_64
2022-05-26 10:36:48,714:INFO:platform: Linux-5.13.0-44-generic-x86_64-with-glibc2.10
2022-05-26 10:36:48,715:WARNING:cannot find psutil installation. memory not traceable. Install psutil using pip to enable memory logging.
2022-05-26 10:36:48,715:INFO:Checking libraries
2022-05-26 10:36:48,715:INFO:pd==1.4.1
2022-05-26 10:36:48,715:INFO:numpy==1.20.3
2022-05-26 10:36:48,715:INFO:sklearn==0.23.2
2022-05-26 10:36:48,715:INFO:lightgbm==3.3.2
2022-05-26 10:36:48,716:WARNING:catboost not found
2022-05-26 10:36:48,716:WARNING:xgboost not found
2022-05-26 10:36:48,716:INFO:mlflow==1.26.0
2022-05-26 10:36:48,716:INFO:Checking Exceptions
2022-05-26 10:36:48,716:INFO:Declaring global variables
2022-05-26 10:36:48,716:INFO:USI: 3668
2022-05-26 10:36:48,717:INFO:pycaret_globals: {'stratify_param', 'master_model_container', 'html_param', 'experiment__', 'transform_target_method_param', 'fold_param', 'y_test', 'y_train', 'logging_param', 'X_train', 'display_container', 'prep_pipe', 'pycaret_globals', 'fold_generator', 'y', 'fold_shuffle_param', '_all_models_internal', 'imputation_classifier', 'fix_imbalance_param', '_gpu_n_jobs_param', 'X', 'data_before_preprocess', '_internal_pipeline', 'fold_groups_param_full', '_all_models', 'n_jobs_param', 'gpu_param', '_all_metrics', '_available_plots', 'create_model_container', 'transform_target_param', 'USI', 'dashboard_logger', 'X_test', 'iterative_imputation_iters_param', 'fix_imbalance_method_param', 'target_param', 'log_plots_param', '_ml_usecase', 'imputation_regressor', 'fold_groups_param', 'exp_name_log', 'seed'}
2022-05-26 10:36:48,717:INFO:Preparing display monitor
2022-05-26 10:36:48,717:INFO:Preparing display monitor
2022-05-26 10:36:48,726:INFO:Importing libraries
2022-05-26 10:36:48,726:INFO:Copying data for preprocessing
2022-05-26 10:36:48,730:INFO:Declaring preprocessing parameters
2022-05-26 10:36:48,731:INFO:Creating preprocessing pipeline
2022-05-26 10:36:48,736:INFO:Preprocessing pipeline created successfully
2022-05-26 10:36:48,736:ERROR:(Process Exit): setup has been interupted with user command 'quit'. setup must rerun.
2022-05-26 10:36:48,736:INFO:Creating global containers
2022-05-26 10:36:48,737:INFO:Internal pipeline: Pipeline(memory=None, steps=[('empty_step', 'passthrough')], verbose=False)
2022-05-26 10:40:58,875:INFO:PyCaret Supervised Module
2022-05-26 10:40:58,875:INFO:ML Usecase: regression
2022-05-26 10:40:58,875:INFO:version 2.3.10
2022-05-26 10:40:58,876:INFO:Initializing setup()
2022-05-26 10:40:58,876:INFO:setup(target=charges, ml_usecase=regression, available_plots={'parameter': 'Hyperparameters', 'residuals': 'Residuals', 'error': 'Prediction Error', 'cooks': 'Cooks Distance', 'rfe': 'Feature Selection', 'learning': 'Learning Curve', 'manifold': 'Manifold Learning', 'vc': 'Validation Curve', 'feature': 'Feature Importance', 'feature_all': 'Feature Importance (All)', 'tree': 'Decision Tree', 'residuals_interactive': 'Interactive Residuals'}, train_size=0.7, test_data=None, preprocess=True, imputation_type=simple, iterative_imputation_iters=5, categorical_features=None, categorical_imputation=constant, categorical_iterative_imputer=lightgbm, ordinal_features=None, high_cardinality_features=None, high_cardinality_method=frequency, numeric_features=None, numeric_imputation=mean, numeric_iterative_imputer=lightgbm, date_features=None, ignore_features=None, normalize=True, normalize_method=zscore, transformation=False, transformation_method=yeo-johnson, handle_unknown_categorical=True, unknown_categorical_method=least_frequent, pca=False, pca_method=linear, pca_components=None, ignore_low_variance=False, combine_rare_levels=False, rare_level_threshold=0.1, bin_numeric_features=['age', 'bmi'], remove_outliers=False, outliers_threshold=0.05, remove_multicollinearity=False, multicollinearity_threshold=0.9, remove_perfect_collinearity=True, create_clusters=False, cluster_iter=20, polynomial_features=True, polynomial_degree=2, trigonometry_features=True, polynomial_threshold=0.1, group_features=None, group_names=None, feature_selection=False, feature_selection_threshold=0.8, feature_selection_method=classic, feature_interaction=True, feature_ratio=False, interaction_threshold=0.01, fix_imbalance=False, fix_imbalance_method=None, transform_target=False, transform_target_method=box-cox, data_split_shuffle=True, data_split_stratify=False, fold_strategy=kfold, fold=10, fold_shuffle=False, fold_groups=None, n_jobs=-1, use_gpu=False, custom_pipeline=None, html=True, session_id=123, log_experiment=False, experiment_name=None, experiment_custom_tags=None, log_plots=False, log_profile=False, log_data=False, silent=False, verbose=True, profile=False, profile_kwargs=None, display=None)
2022-05-26 10:40:58,876:INFO:Checking environment
2022-05-26 10:40:58,876:INFO:python_version: 3.8.5
2022-05-26 10:40:58,876:INFO:python_build: ('default', 'Sep  4 2020 07:30:14')
2022-05-26 10:40:58,876:INFO:machine: x86_64
2022-05-26 10:40:58,905:INFO:platform: Linux-5.13.0-44-generic-x86_64-with-glibc2.10
2022-05-26 10:40:58,905:WARNING:cannot find psutil installation. memory not traceable. Install psutil using pip to enable memory logging.
2022-05-26 10:40:58,906:INFO:Checking libraries
2022-05-26 10:40:58,906:INFO:pd==1.4.1
2022-05-26 10:40:58,906:INFO:numpy==1.20.3
2022-05-26 10:40:58,906:INFO:sklearn==0.23.2
2022-05-26 10:40:58,906:INFO:lightgbm==3.3.2
2022-05-26 10:40:58,906:WARNING:catboost not found
2022-05-26 10:40:58,906:WARNING:xgboost not found
2022-05-26 10:40:58,907:INFO:mlflow==1.26.0
2022-05-26 10:40:58,907:INFO:Checking Exceptions
2022-05-26 10:40:58,907:INFO:Declaring global variables
2022-05-26 10:40:58,907:INFO:USI: 629c
2022-05-26 10:40:58,907:INFO:pycaret_globals: {'display_container', 'prep_pipe', 'X_test', 'iterative_imputation_iters_param', 'stratify_param', 'log_plots_param', 'create_model_container', 'transform_target_param', '_all_models_internal', 'master_model_container', 'y', 'gpu_param', 'n_jobs_param', 'fold_shuffle_param', 'X_train', 'logging_param', 'y_train', 'fold_groups_param_full', '_available_plots', 'data_before_preprocess', 'fix_imbalance_method_param', 'USI', 'experiment__', '_ml_usecase', 'seed', '_internal_pipeline', 'html_param', '_all_metrics', 'imputation_classifier', 'pycaret_globals', 'fold_generator', 'target_param', 'transform_target_method_param', 'dashboard_logger', 'fold_groups_param', '_gpu_n_jobs_param', 'imputation_regressor', '_all_models', 'X', 'y_test', 'fold_param', 'fix_imbalance_param', 'exp_name_log'}
2022-05-26 10:40:58,907:INFO:Preparing display monitor
2022-05-26 10:40:58,907:INFO:Preparing display monitor
2022-05-26 10:40:58,916:INFO:Importing libraries
2022-05-26 10:40:58,916:INFO:Copying data for preprocessing
2022-05-26 10:40:58,919:INFO:Declaring preprocessing parameters
2022-05-26 10:40:58,921:INFO:Creating preprocessing pipeline
2022-05-26 10:40:58,926:INFO:Preprocessing pipeline created successfully
2022-05-26 10:40:58,926:ERROR:(Process Exit): setup has been interupted with user command 'quit'. setup must rerun.
2022-05-26 10:40:58,926:INFO:Creating global containers
2022-05-26 10:40:58,927:INFO:Internal pipeline: Pipeline(memory=None, steps=[('empty_step', 'passthrough')], verbose=False)
2022-05-26 10:48:18,579:INFO:PyCaret Supervised Module
2022-05-26 10:48:18,579:INFO:ML Usecase: regression
2022-05-26 10:48:18,579:INFO:version 2.3.10
2022-05-26 10:48:18,579:INFO:Initializing setup()
2022-05-26 10:48:18,579:INFO:setup(target=charges, ml_usecase=regression, available_plots={'parameter': 'Hyperparameters', 'residuals': 'Residuals', 'error': 'Prediction Error', 'cooks': 'Cooks Distance', 'rfe': 'Feature Selection', 'learning': 'Learning Curve', 'manifold': 'Manifold Learning', 'vc': 'Validation Curve', 'feature': 'Feature Importance', 'feature_all': 'Feature Importance (All)', 'tree': 'Decision Tree', 'residuals_interactive': 'Interactive Residuals'}, train_size=0.7, test_data=None, preprocess=True, imputation_type=simple, iterative_imputation_iters=5, categorical_features=None, categorical_imputation=constant, categorical_iterative_imputer=lightgbm, ordinal_features=None, high_cardinality_features=None, high_cardinality_method=frequency, numeric_features=None, numeric_imputation=mean, numeric_iterative_imputer=lightgbm, date_features=None, ignore_features=None, normalize=True, normalize_method=zscore, transformation=False, transformation_method=yeo-johnson, handle_unknown_categorical=True, unknown_categorical_method=least_frequent, pca=False, pca_method=linear, pca_components=None, ignore_low_variance=False, combine_rare_levels=False, rare_level_threshold=0.1, bin_numeric_features=['age', 'bmi'], remove_outliers=False, outliers_threshold=0.05, remove_multicollinearity=False, multicollinearity_threshold=0.9, remove_perfect_collinearity=True, create_clusters=False, cluster_iter=20, polynomial_features=True, polynomial_degree=2, trigonometry_features=True, polynomial_threshold=0.1, group_features=None, group_names=None, feature_selection=False, feature_selection_threshold=0.8, feature_selection_method=classic, feature_interaction=True, feature_ratio=False, interaction_threshold=0.01, fix_imbalance=False, fix_imbalance_method=None, transform_target=False, transform_target_method=box-cox, data_split_shuffle=True, data_split_stratify=False, fold_strategy=kfold, fold=10, fold_shuffle=False, fold_groups=None, n_jobs=-1, use_gpu=False, custom_pipeline=None, html=True, session_id=123, log_experiment=False, experiment_name=None, experiment_custom_tags=None, log_plots=False, log_profile=False, log_data=False, silent=False, verbose=True, profile=False, profile_kwargs=None, display=None)
2022-05-26 10:48:18,579:INFO:Checking environment
2022-05-26 10:48:18,579:INFO:python_version: 3.8.5
2022-05-26 10:48:18,580:INFO:python_build: ('default', 'Sep  4 2020 07:30:14')
2022-05-26 10:48:18,580:INFO:machine: x86_64
2022-05-26 10:48:18,580:INFO:platform: Linux-5.13.0-44-generic-x86_64-with-glibc2.10
2022-05-26 10:48:18,580:WARNING:cannot find psutil installation. memory not traceable. Install psutil using pip to enable memory logging.
2022-05-26 10:48:18,580:INFO:Checking libraries
2022-05-26 10:48:18,580:INFO:pd==1.4.1
2022-05-26 10:48:18,580:INFO:numpy==1.20.3
2022-05-26 10:48:18,580:INFO:sklearn==0.23.2
2022-05-26 10:48:18,580:INFO:lightgbm==3.3.2
2022-05-26 10:48:18,581:WARNING:catboost not found
2022-05-26 10:48:18,581:WARNING:xgboost not found
2022-05-26 10:48:18,581:INFO:mlflow==1.26.0
2022-05-26 10:48:18,581:INFO:Checking Exceptions
2022-05-26 10:48:18,581:INFO:Declaring global variables
2022-05-26 10:48:18,581:INFO:USI: cabe
2022-05-26 10:48:18,581:INFO:pycaret_globals: {'target_param', 'html_param', '_gpu_n_jobs_param', 'transform_target_method_param', 'gpu_param', 'iterative_imputation_iters_param', 'X', '_all_models_internal', '_all_models', 'display_container', 'X_train', 'transform_target_param', 'create_model_container', 'y_train', 'pycaret_globals', 'USI', 'log_plots_param', 'master_model_container', '_all_metrics', 'imputation_classifier', 'fold_groups_param', 'seed', 'fold_groups_param_full', 'fold_shuffle_param', 'fix_imbalance_method_param', 'fold_param', 'y', 'prep_pipe', 'dashboard_logger', 'exp_name_log', 'n_jobs_param', 'fix_imbalance_param', 'experiment__', 'data_before_preprocess', '_internal_pipeline', 'y_test', '_ml_usecase', 'imputation_regressor', 'fold_generator', '_available_plots', 'X_test', 'logging_param', 'stratify_param'}
2022-05-26 10:48:18,581:INFO:Preparing display monitor
2022-05-26 10:48:18,582:INFO:Preparing display monitor
2022-05-26 10:48:18,595:INFO:Importing libraries
2022-05-26 10:48:18,596:INFO:Copying data for preprocessing
2022-05-26 10:48:18,609:INFO:Declaring preprocessing parameters
2022-05-26 10:48:18,611:INFO:Creating preprocessing pipeline
2022-05-26 10:48:18,617:INFO:Preprocessing pipeline created successfully
2022-05-26 10:48:18,617:ERROR:(Process Exit): setup has been interupted with user command 'quit'. setup must rerun.
2022-05-26 10:48:18,617:INFO:Creating global containers
2022-05-26 10:48:18,619:INFO:Internal pipeline: Pipeline(memory=None, steps=[('empty_step', 'passthrough')], verbose=False)
2022-05-26 10:58:56,717:INFO:PyCaret Supervised Module
2022-05-26 10:58:56,717:INFO:ML Usecase: regression
2022-05-26 10:58:56,717:INFO:version 2.3.10
2022-05-26 10:58:56,717:INFO:Initializing setup()
2022-05-26 10:58:56,718:INFO:setup(target=charges, ml_usecase=regression, available_plots={'parameter': 'Hyperparameters', 'residuals': 'Residuals', 'error': 'Prediction Error', 'cooks': 'Cooks Distance', 'rfe': 'Feature Selection', 'learning': 'Learning Curve', 'manifold': 'Manifold Learning', 'vc': 'Validation Curve', 'feature': 'Feature Importance', 'feature_all': 'Feature Importance (All)', 'tree': 'Decision Tree', 'residuals_interactive': 'Interactive Residuals'}, train_size=0.7, test_data=None, preprocess=True, imputation_type=simple, iterative_imputation_iters=5, categorical_features=None, categorical_imputation=constant, categorical_iterative_imputer=lightgbm, ordinal_features=None, high_cardinality_features=None, high_cardinality_method=frequency, numeric_features=None, numeric_imputation=mean, numeric_iterative_imputer=lightgbm, date_features=None, ignore_features=None, normalize=True, normalize_method=zscore, transformation=False, transformation_method=yeo-johnson, handle_unknown_categorical=True, unknown_categorical_method=least_frequent, pca=False, pca_method=linear, pca_components=None, ignore_low_variance=False, combine_rare_levels=False, rare_level_threshold=0.1, bin_numeric_features=['age', 'bmi'], remove_outliers=False, outliers_threshold=0.05, remove_multicollinearity=False, multicollinearity_threshold=0.9, remove_perfect_collinearity=True, create_clusters=False, cluster_iter=20, polynomial_features=True, polynomial_degree=2, trigonometry_features=True, polynomial_threshold=0.1, group_features=None, group_names=None, feature_selection=False, feature_selection_threshold=0.8, feature_selection_method=classic, feature_interaction=True, feature_ratio=False, interaction_threshold=0.01, fix_imbalance=False, fix_imbalance_method=None, transform_target=False, transform_target_method=box-cox, data_split_shuffle=True, data_split_stratify=False, fold_strategy=kfold, fold=10, fold_shuffle=False, fold_groups=None, n_jobs=-1, use_gpu=False, custom_pipeline=None, html=True, session_id=123, log_experiment=False, experiment_name=None, experiment_custom_tags=None, log_plots=False, log_profile=False, log_data=False, silent=False, verbose=True, profile=False, profile_kwargs=None, display=None)
2022-05-26 10:58:56,718:INFO:Checking environment
2022-05-26 10:58:56,718:INFO:python_version: 3.8.5
2022-05-26 10:58:56,718:INFO:python_build: ('default', 'Sep  4 2020 07:30:14')
2022-05-26 10:58:56,718:INFO:machine: x86_64
2022-05-26 10:58:56,747:INFO:platform: Linux-5.13.0-44-generic-x86_64-with-glibc2.10
2022-05-26 10:58:56,748:WARNING:cannot find psutil installation. memory not traceable. Install psutil using pip to enable memory logging.
2022-05-26 10:58:56,748:INFO:Checking libraries
2022-05-26 10:58:56,748:INFO:pd==1.4.1
2022-05-26 10:58:56,748:INFO:numpy==1.20.3
2022-05-26 10:58:56,748:INFO:sklearn==0.23.2
2022-05-26 10:58:56,748:INFO:lightgbm==3.3.2
2022-05-26 10:58:56,749:WARNING:catboost not found
2022-05-26 10:58:56,749:WARNING:xgboost not found
2022-05-26 10:58:56,749:INFO:mlflow==1.26.0
2022-05-26 10:58:56,749:INFO:Checking Exceptions
2022-05-26 10:58:56,749:INFO:Declaring global variables
2022-05-26 10:58:56,749:INFO:USI: 691e
2022-05-26 10:58:56,749:INFO:pycaret_globals: {'_available_plots', '_internal_pipeline', 'fix_imbalance_param', 'target_param', 'X_train', 'create_model_container', 'display_container', 'pycaret_globals', '_gpu_n_jobs_param', 'data_before_preprocess', 'experiment__', 'gpu_param', 'stratify_param', 'y', 'fix_imbalance_method_param', 'seed', 'iterative_imputation_iters_param', 'dashboard_logger', '_all_models', 'exp_name_log', 'y_test', 'fold_groups_param_full', 'fold_generator', 'imputation_classifier', 'html_param', 'X', '_all_models_internal', 'n_jobs_param', 'X_test', 'master_model_container', 'prep_pipe', 'y_train', 'imputation_regressor', 'USI', '_ml_usecase', 'fold_groups_param', 'logging_param', 'fold_param', 'transform_target_method_param', 'fold_shuffle_param', '_all_metrics', 'transform_target_param', 'log_plots_param'}
2022-05-26 10:58:56,750:INFO:Preparing display monitor
2022-05-26 10:58:56,750:INFO:Preparing display monitor
2022-05-26 10:58:56,758:INFO:Importing libraries
2022-05-26 10:58:56,758:INFO:Copying data for preprocessing
2022-05-26 10:58:56,761:INFO:Declaring preprocessing parameters
2022-05-26 10:58:56,762:INFO:Creating preprocessing pipeline
2022-05-26 10:58:56,766:INFO:Preprocessing pipeline created successfully
2022-05-26 10:58:56,766:ERROR:(Process Exit): setup has been interupted with user command 'quit'. setup must rerun.
2022-05-26 10:58:56,766:INFO:Creating global containers
2022-05-26 10:58:56,767:INFO:Internal pipeline: Pipeline(memory=None, steps=[('empty_step', 'passthrough')], verbose=False)
2022-05-26 11:01:44,962:INFO:PyCaret Supervised Module
2022-05-26 11:01:44,963:INFO:ML Usecase: regression
2022-05-26 11:01:44,964:INFO:version 2.3.10
2022-05-26 11:01:44,964:INFO:Initializing setup()
2022-05-26 11:01:44,964:INFO:setup(target=charges, ml_usecase=regression, available_plots={'parameter': 'Hyperparameters', 'residuals': 'Residuals', 'error': 'Prediction Error', 'cooks': 'Cooks Distance', 'rfe': 'Feature Selection', 'learning': 'Learning Curve', 'manifold': 'Manifold Learning', 'vc': 'Validation Curve', 'feature': 'Feature Importance', 'feature_all': 'Feature Importance (All)', 'tree': 'Decision Tree', 'residuals_interactive': 'Interactive Residuals'}, train_size=0.7, test_data=None, preprocess=True, imputation_type=simple, iterative_imputation_iters=5, categorical_features=None, categorical_imputation=constant, categorical_iterative_imputer=lightgbm, ordinal_features=None, high_cardinality_features=None, high_cardinality_method=frequency, numeric_features=None, numeric_imputation=mean, numeric_iterative_imputer=lightgbm, date_features=None, ignore_features=None, normalize=False, normalize_method=zscore, transformation=False, transformation_method=yeo-johnson, handle_unknown_categorical=True, unknown_categorical_method=least_frequent, pca=False, pca_method=linear, pca_components=None, ignore_low_variance=False, combine_rare_levels=False, rare_level_threshold=0.1, bin_numeric_features=None, remove_outliers=False, outliers_threshold=0.05, remove_multicollinearity=False, multicollinearity_threshold=0.9, remove_perfect_collinearity=True, create_clusters=False, cluster_iter=20, polynomial_features=False, polynomial_degree=2, trigonometry_features=False, polynomial_threshold=0.1, group_features=None, group_names=None, feature_selection=False, feature_selection_threshold=0.8, feature_selection_method=classic, feature_interaction=False, feature_ratio=False, interaction_threshold=0.01, fix_imbalance=False, fix_imbalance_method=None, transform_target=False, transform_target_method=box-cox, data_split_shuffle=True, data_split_stratify=False, fold_strategy=kfold, fold=10, fold_shuffle=False, fold_groups=None, n_jobs=-1, use_gpu=False, custom_pipeline=None, html=True, session_id=123, log_experiment=False, experiment_name=None, experiment_custom_tags=None, log_plots=False, log_profile=False, log_data=False, silent=False, verbose=True, profile=False, profile_kwargs=None, display=None)
2022-05-26 11:01:44,964:INFO:Checking environment
2022-05-26 11:01:44,964:INFO:python_version: 3.8.5
2022-05-26 11:01:44,964:INFO:python_build: ('default', 'Sep  4 2020 07:30:14')
2022-05-26 11:01:44,965:INFO:machine: x86_64
2022-05-26 11:01:44,965:INFO:platform: Linux-5.13.0-44-generic-x86_64-with-glibc2.10
2022-05-26 11:01:44,965:WARNING:cannot find psutil installation. memory not traceable. Install psutil using pip to enable memory logging.
2022-05-26 11:01:44,965:INFO:Checking libraries
2022-05-26 11:01:44,966:INFO:pd==1.4.1
2022-05-26 11:01:44,966:INFO:numpy==1.20.3
2022-05-26 11:01:44,966:INFO:sklearn==0.23.2
2022-05-26 11:01:44,966:INFO:lightgbm==3.3.2
2022-05-26 11:01:44,967:WARNING:catboost not found
2022-05-26 11:01:44,967:WARNING:xgboost not found
2022-05-26 11:01:44,967:INFO:mlflow==1.26.0
2022-05-26 11:01:44,967:INFO:Checking Exceptions
2022-05-26 11:01:44,967:INFO:Declaring global variables
2022-05-26 11:01:44,968:INFO:USI: e244
2022-05-26 11:01:44,968:INFO:pycaret_globals: {'y_test', 'create_model_container', '_ml_usecase', 'log_plots_param', 'y', 'fold_groups_param', 'imputation_classifier', '_internal_pipeline', 'iterative_imputation_iters_param', 'master_model_container', 'fix_imbalance_param', 'transform_target_param', 'X_test', 'seed', 'fix_imbalance_method_param', '_all_metrics', 'imputation_regressor', 'X', 'fold_groups_param_full', 'dashboard_logger', 'html_param', 'USI', 'logging_param', 'exp_name_log', 'prep_pipe', 'data_before_preprocess', 'gpu_param', 'fold_param', 'X_train', 'display_container', 'transform_target_method_param', 'target_param', '_gpu_n_jobs_param', '_all_models', '_all_models_internal', 'pycaret_globals', 'experiment__', 'fold_shuffle_param', 'y_train', 'stratify_param', '_available_plots', 'fold_generator', 'n_jobs_param'}
2022-05-26 11:01:44,968:INFO:Preparing display monitor
2022-05-26 11:01:44,968:INFO:Preparing display monitor
2022-05-26 11:01:44,992:INFO:Importing libraries
2022-05-26 11:01:44,992:INFO:Copying data for preprocessing
2022-05-26 11:01:45,002:INFO:Declaring preprocessing parameters
2022-05-26 11:01:45,004:INFO:Creating preprocessing pipeline
2022-05-26 11:01:45,012:INFO:Preprocessing pipeline created successfully
2022-05-26 11:01:45,013:ERROR:(Process Exit): setup has been interupted with user command 'quit'. setup must rerun.
2022-05-26 11:01:45,013:INFO:Creating global containers
2022-05-26 11:01:45,014:INFO:Internal pipeline: Pipeline(memory=None, steps=[('empty_step', 'passthrough')], verbose=False)
2022-05-26 11:23:34,490:INFO:PyCaret Supervised Module
2022-05-26 11:23:34,491:INFO:ML Usecase: regression
2022-05-26 11:23:34,491:INFO:version 2.3.10
2022-05-26 11:23:34,491:INFO:Initializing setup()
2022-05-26 11:23:34,491:INFO:setup(target=charges, ml_usecase=regression, available_plots={'parameter': 'Hyperparameters', 'residuals': 'Residuals', 'error': 'Prediction Error', 'cooks': 'Cooks Distance', 'rfe': 'Feature Selection', 'learning': 'Learning Curve', 'manifold': 'Manifold Learning', 'vc': 'Validation Curve', 'feature': 'Feature Importance', 'feature_all': 'Feature Importance (All)', 'tree': 'Decision Tree', 'residuals_interactive': 'Interactive Residuals'}, train_size=0.7, test_data=None, preprocess=True, imputation_type=simple, iterative_imputation_iters=5, categorical_features=None, categorical_imputation=constant, categorical_iterative_imputer=lightgbm, ordinal_features=None, high_cardinality_features=None, high_cardinality_method=frequency, numeric_features=None, numeric_imputation=mean, numeric_iterative_imputer=lightgbm, date_features=None, ignore_features=None, normalize=False, normalize_method=zscore, transformation=False, transformation_method=yeo-johnson, handle_unknown_categorical=True, unknown_categorical_method=least_frequent, pca=False, pca_method=linear, pca_components=None, ignore_low_variance=False, combine_rare_levels=False, rare_level_threshold=0.1, bin_numeric_features=None, remove_outliers=False, outliers_threshold=0.05, remove_multicollinearity=False, multicollinearity_threshold=0.9, remove_perfect_collinearity=True, create_clusters=False, cluster_iter=20, polynomial_features=False, polynomial_degree=2, trigonometry_features=False, polynomial_threshold=0.1, group_features=None, group_names=None, feature_selection=False, feature_selection_threshold=0.8, feature_selection_method=classic, feature_interaction=False, feature_ratio=False, interaction_threshold=0.01, fix_imbalance=False, fix_imbalance_method=None, transform_target=False, transform_target_method=box-cox, data_split_shuffle=True, data_split_stratify=False, fold_strategy=kfold, fold=10, fold_shuffle=False, fold_groups=None, n_jobs=-1, use_gpu=False, custom_pipeline=None, html=True, session_id=123, log_experiment=False, experiment_name=None, experiment_custom_tags=None, log_plots=False, log_profile=False, log_data=False, silent=False, verbose=True, profile=False, profile_kwargs=None, display=None)
2022-05-26 11:23:34,492:INFO:Checking environment
2022-05-26 11:23:34,492:INFO:python_version: 3.8.5
2022-05-26 11:23:34,492:INFO:python_build: ('default', 'Sep  4 2020 07:30:14')
2022-05-26 11:23:34,492:INFO:machine: x86_64
2022-05-26 11:23:34,492:INFO:platform: Linux-5.13.0-44-generic-x86_64-with-glibc2.10
2022-05-26 11:23:34,492:WARNING:cannot find psutil installation. memory not traceable. Install psutil using pip to enable memory logging.
2022-05-26 11:23:34,492:INFO:Checking libraries
2022-05-26 11:23:34,492:INFO:pd==1.4.1
2022-05-26 11:23:34,492:INFO:numpy==1.20.3
2022-05-26 11:23:34,492:INFO:sklearn==0.23.2
2022-05-26 11:23:34,492:INFO:lightgbm==3.3.2
2022-05-26 11:23:34,493:WARNING:catboost not found
2022-05-26 11:23:34,493:WARNING:xgboost not found
2022-05-26 11:23:34,493:INFO:mlflow==1.26.0
2022-05-26 11:23:34,493:INFO:Checking Exceptions
2022-05-26 11:23:34,493:INFO:Declaring global variables
2022-05-26 11:23:34,493:INFO:USI: 6fa7
2022-05-26 11:23:34,493:INFO:pycaret_globals: {'y_train', 'iterative_imputation_iters_param', 'experiment__', 'fold_shuffle_param', 'X_test', 'y', 'exp_name_log', 'display_container', 'dashboard_logger', 'imputation_regressor', 'imputation_classifier', '_ml_usecase', '_all_metrics', 'stratify_param', 'y_test', 'gpu_param', 'fix_imbalance_param', 'create_model_container', 'fix_imbalance_method_param', '_available_plots', 'fold_groups_param_full', 'seed', 'fold_groups_param', 'pycaret_globals', '_gpu_n_jobs_param', 'X_train', 'html_param', 'transform_target_method_param', 'log_plots_param', '_all_models_internal', 'master_model_container', 'X', 'logging_param', 'fold_param', 'transform_target_param', '_internal_pipeline', '_all_models', 'n_jobs_param', 'target_param', 'fold_generator', 'data_before_preprocess', 'USI', 'prep_pipe'}
2022-05-26 11:23:34,493:INFO:Preparing display monitor
2022-05-26 11:23:34,493:INFO:Preparing display monitor
2022-05-26 11:23:34,514:INFO:Importing libraries
2022-05-26 11:23:34,515:INFO:Copying data for preprocessing
2022-05-26 11:23:34,532:INFO:Declaring preprocessing parameters
2022-05-26 11:23:34,534:INFO:Creating preprocessing pipeline
2022-05-26 11:23:34,541:INFO:Preprocessing pipeline created successfully
2022-05-26 11:23:34,542:ERROR:(Process Exit): setup has been interupted with user command 'quit'. setup must rerun.
2022-05-26 11:23:34,542:INFO:Creating global containers
2022-05-26 11:23:34,543:INFO:Internal pipeline: Pipeline(memory=None, steps=[('empty_step', 'passthrough')], verbose=False)
2022-05-26 11:27:43,438:INFO:PyCaret Supervised Module
2022-05-26 11:27:43,439:INFO:ML Usecase: regression
2022-05-26 11:27:43,440:INFO:version 2.3.10
2022-05-26 11:27:43,440:INFO:Initializing setup()
2022-05-26 11:27:43,440:INFO:setup(target=charges, ml_usecase=regression, available_plots={'parameter': 'Hyperparameters', 'residuals': 'Residuals', 'error': 'Prediction Error', 'cooks': 'Cooks Distance', 'rfe': 'Feature Selection', 'learning': 'Learning Curve', 'manifold': 'Manifold Learning', 'vc': 'Validation Curve', 'feature': 'Feature Importance', 'feature_all': 'Feature Importance (All)', 'tree': 'Decision Tree', 'residuals_interactive': 'Interactive Residuals'}, train_size=0.7, test_data=None, preprocess=True, imputation_type=simple, iterative_imputation_iters=5, categorical_features=None, categorical_imputation=constant, categorical_iterative_imputer=lightgbm, ordinal_features=None, high_cardinality_features=None, high_cardinality_method=frequency, numeric_features=None, numeric_imputation=mean, numeric_iterative_imputer=lightgbm, date_features=None, ignore_features=None, normalize=False, normalize_method=zscore, transformation=False, transformation_method=yeo-johnson, handle_unknown_categorical=True, unknown_categorical_method=least_frequent, pca=False, pca_method=linear, pca_components=None, ignore_low_variance=False, combine_rare_levels=False, rare_level_threshold=0.1, bin_numeric_features=None, remove_outliers=False, outliers_threshold=0.05, remove_multicollinearity=False, multicollinearity_threshold=0.9, remove_perfect_collinearity=True, create_clusters=False, cluster_iter=20, polynomial_features=False, polynomial_degree=2, trigonometry_features=False, polynomial_threshold=0.1, group_features=None, group_names=None, feature_selection=False, feature_selection_threshold=0.8, feature_selection_method=classic, feature_interaction=False, feature_ratio=False, interaction_threshold=0.01, fix_imbalance=False, fix_imbalance_method=None, transform_target=False, transform_target_method=box-cox, data_split_shuffle=True, data_split_stratify=False, fold_strategy=kfold, fold=10, fold_shuffle=False, fold_groups=None, n_jobs=-1, use_gpu=False, custom_pipeline=None, html=True, session_id=123, log_experiment=False, experiment_name=None, experiment_custom_tags=None, log_plots=False, log_profile=False, log_data=False, silent=False, verbose=True, profile=False, profile_kwargs=None, display=None)
2022-05-26 11:27:43,440:INFO:Checking environment
2022-05-26 11:27:43,440:INFO:python_version: 3.8.5
2022-05-26 11:27:43,440:INFO:python_build: ('default', 'Sep  4 2020 07:30:14')
2022-05-26 11:27:43,440:INFO:machine: x86_64
2022-05-26 11:27:43,441:INFO:platform: Linux-5.13.0-44-generic-x86_64-with-glibc2.10
2022-05-26 11:27:43,441:WARNING:cannot find psutil installation. memory not traceable. Install psutil using pip to enable memory logging.
2022-05-26 11:27:43,441:INFO:Checking libraries
2022-05-26 11:27:43,441:INFO:pd==1.4.1
2022-05-26 11:27:43,442:INFO:numpy==1.20.3
2022-05-26 11:27:43,442:INFO:sklearn==0.23.2
2022-05-26 11:27:43,442:INFO:lightgbm==3.3.2
2022-05-26 11:27:43,443:WARNING:catboost not found
2022-05-26 11:27:43,443:WARNING:xgboost not found
2022-05-26 11:27:43,443:INFO:mlflow==1.26.0
2022-05-26 11:27:43,443:INFO:Checking Exceptions
2022-05-26 11:27:43,444:INFO:Declaring global variables
2022-05-26 11:27:43,444:INFO:USI: 2edb
2022-05-26 11:27:43,444:INFO:pycaret_globals: {'X_test', 'n_jobs_param', 'transform_target_method_param', 'fold_groups_param_full', 'iterative_imputation_iters_param', 'stratify_param', 'y_test', '_all_metrics', 'imputation_regressor', 'X', '_all_models', 'logging_param', 'experiment__', 'fold_shuffle_param', '_ml_usecase', 'transform_target_param', '_all_models_internal', 'dashboard_logger', 'display_container', 'prep_pipe', 'fold_generator', '_internal_pipeline', 'fold_param', 'data_before_preprocess', 'create_model_container', 'html_param', 'USI', 'log_plots_param', 'seed', 'X_train', 'y', 'y_train', 'pycaret_globals', '_available_plots', 'fix_imbalance_param', 'imputation_classifier', '_gpu_n_jobs_param', 'fold_groups_param', 'gpu_param', 'target_param', 'master_model_container', 'fix_imbalance_method_param', 'exp_name_log'}
2022-05-26 11:27:43,444:INFO:Preparing display monitor
2022-05-26 11:27:43,444:INFO:Preparing display monitor
2022-05-26 11:27:43,465:INFO:Importing libraries
2022-05-26 11:27:43,465:INFO:Copying data for preprocessing
2022-05-26 11:27:43,487:INFO:Declaring preprocessing parameters
2022-05-26 11:27:43,489:INFO:Creating preprocessing pipeline
2022-05-26 11:27:43,496:INFO:Preprocessing pipeline created successfully
2022-05-26 11:27:43,496:ERROR:(Process Exit): setup has been interupted with user command 'quit'. setup must rerun.
2022-05-26 11:27:43,496:INFO:Creating global containers
2022-05-26 11:27:43,498:INFO:Internal pipeline: Pipeline(memory=None, steps=[('empty_step', 'passthrough')], verbose=False)
